<?xml version="1.0" encoding="UTF-8"?>
<testng-results skipped="0" failed="0" ignored="0" total="1" passed="1">
  <reporter-output>
  </reporter-output>
  <suite name="Default suite" duration-ms="366067" started-at="2017-08-25T09:33:49Z" finished-at="2017-08-25T09:39:55Z">
    <groups>
    </groups>
    <test name="Default test" duration-ms="366067" started-at="2017-08-25T09:33:49Z" finished-at="2017-08-25T09:39:55Z">
      <class name="com.Cognizant.C2.Component.TaskCreate">
        <test-method status="PASS" signature="Setup()[pri:0, instance:com.Cognizant.C2.Component.TaskCreate@3a82f6ef]" name="Setup" is-config="true" duration-ms="28372" started-at="2017-08-25T15:03:49Z" finished-at="2017-08-25T15:04:17Z">
          <reporter-output>
          </reporter-output>
        </test-method> <!-- Setup -->
        <test-method status="PASS" signature="UserTaskCreate()[pri:0, instance:com.Cognizant.C2.Component.TaskCreate@3a82f6ef]" name="UserTaskCreate" duration-ms="337658" started-at="2017-08-25T15:04:17Z" finished-at="2017-08-25T15:09:55Z">
          <reporter-output>
          </reporter-output>
        </test-method> <!-- UserTaskCreate -->
        <test-method status="PASS" signature="TearDown()[pri:0, instance:com.Cognizant.C2.Component.TaskCreate@3a82f6ef]" name="TearDown" is-config="true" duration-ms="12" started-at="2017-08-25T15:09:55Z" finished-at="2017-08-25T15:09:55Z">
          <reporter-output>
          </reporter-output>
        </test-method> <!-- TearDown -->
      </class> <!-- com.Cognizant.C2.Component.TaskCreate -->
    </test> <!-- Default test -->
  </suite> <!-- Default suite -->
</testng-results>
